<?xml version="1.0" encoding="UTF-8"?>
<coverage generated="1565563287146" clover="3.2.0">
  <project timestamp="1565563287146" name="All files">
    <metrics statements="25" coveredstatements="22" conditionals="14" coveredconditionals="12" methods="3" coveredmethods="2" elements="42" coveredelements="36" complexity="0" loc="25" ncloc="25" packages="1" files="1" classes="1"/>
    <file name="app.js" path="C:\Users\Usuário\Documents\lp3_2019_2\Aula01\lp3_2019_2\Aula01\app.js">
      <metrics statements="25" coveredstatements="22" conditionals="14" coveredconditionals="12" methods="3" coveredmethods="2"/>
      <line num="1" count="1" type="stmt"/>
      <line num="3" count="1" type="stmt"/>
      <line num="6" count="1" type="stmt"/>
      <line num="7" count="0" type="stmt"/>
      <line num="8" count="0" type="stmt"/>
      <line num="9" count="0" type="stmt"/>
      <line num="12" count="1" type="stmt"/>
      <line num="14" count="3" type="stmt"/>
      <line num="16" count="3" type="stmt"/>
      <line num="17" count="3" type="stmt"/>
      <line num="20" count="1" type="stmt"/>
      <line num="21" count="13" type="stmt"/>
      <line num="25" count="13" type="stmt"/>
      <line num="26" count="13" type="cond" truecount="2" falsecount="0"/>
      <line num="28" count="108" type="stmt"/>
      <line num="29" count="12" type="stmt"/>
      <line num="31" count="12" type="cond" truecount="3" falsecount="1"/>
      <line num="32" count="12" type="cond" truecount="2" falsecount="0"/>
      <line num="34" count="10" type="stmt"/>
      <line num="35" count="100" type="stmt"/>
      <line num="36" count="10" type="stmt"/>
      <line num="38" count="10" type="cond" truecount="3" falsecount="1"/>
      <line num="39" count="10" type="cond" truecount="2" falsecount="0"/>
      <line num="40" count="6" type="stmt"/>
      <line num="45" count="1" type="stmt"/>
    </file>
  </project>
</coverage>
