{"C:\\Users\\Usuário\\Documents\\lp3_2019_2\\Aula01\\lp3_2019_2\\Aula01\\app.js": {"path":"C:\\Users\\Usuário\\Documents\\lp3_2019_2\\Aula01\\lp3_2019_2\\Aula01\\app.js","statementMap":{"0":{"start":{"line":1,"column":16},"end":{"line":1,"column":34}},"1":{"start":{"line":3,"column":12},"end":{"line":3,"column":21}},"2":{"start":{"line":6,"column":0},"end":{"line":10,"column":3}},"3":{"start":{"line":7,"column":20},"end":{"line":7,"column":30}},"4":{"start":{"line":8,"column":4},"end":{"line":8,"column":47}},"5":{"start":{"line":9,"column":4},"end":{"line":9,"column":24}},"6":{"start":{"line":12,"column":0},"end":{"line":18,"column":3}},"7":{"start":{"line":14,"column":14},"end":{"line":14,"column":28}},"8":{"start":{"line":16,"column":4},"end":{"line":16,"column":43}},"9":{"start":{"line":17,"column":4},"end":{"line":17,"column":31}},"10":{"start":{"line":20,"column":0},"end":{"line":43,"column":3}},"11":{"start":{"line":21,"column":14},"end":{"line":21,"column":28}},"12":{"start":{"line":25,"column":4},"end":{"line":25,"column":13}},"13":{"start":{"line":26,"column":2},"end":{"line":26,"column":61}},"14":{"start":{"line":26,"column":28},"end":{"line":26,"column":61}},"15":{"start":{"line":28,"column":2},"end":{"line":28,"column":80}},"16":{"start":{"line":28,"column":23},"end":{"line":28,"column":80}},"17":{"start":{"line":29,"column":2},"end":{"line":29,"column":27}},"18":{"start":{"line":31,"column":4},"end":{"line":31,"column":51}},"19":{"start":{"line":31,"column":41},"end":{"line":31,"column":51}},"20":{"start":{"line":32,"column":4},"end":{"line":32,"column":83}},"21":{"start":{"line":32,"column":50},"end":{"line":32,"column":83}},"22":{"start":{"line":34,"column":2},"end":{"line":34,"column":11}},"23":{"start":{"line":35,"column":4},"end":{"line":35,"column":87}},"24":{"start":{"line":35,"column":30},"end":{"line":35,"column":87}},"25":{"start":{"line":36,"column":4},"end":{"line":36,"column":29}},"26":{"start":{"line":38,"column":4},"end":{"line":38,"column":51}},"27":{"start":{"line":38,"column":41},"end":{"line":38,"column":51}},"28":{"start":{"line":39,"column":4},"end":{"line":39,"column":85}},"29":{"start":{"line":39,"column":52},"end":{"line":39,"column":85}},"30":{"start":{"line":40,"column":4},"end":{"line":40,"column":36}},"31":{"start":{"line":45,"column":0},"end":{"line":45,"column":21}}},"fnMap":{"0":{"name":"(anonymous_0)","decl":{"start":{"line":6,"column":17},"end":{"line":6,"column":18}},"loc":{"start":{"line":6,"column":31},"end":{"line":10,"column":1}},"line":6},"1":{"name":"(anonymous_1)","decl":{"start":{"line":12,"column":26},"end":{"line":12,"column":27}},"loc":{"start":{"line":12,"column":40},"end":{"line":18,"column":1}},"line":12},"2":{"name":"(anonymous_2)","decl":{"start":{"line":20,"column":21},"end":{"line":20,"column":22}},"loc":{"start":{"line":20,"column":35},"end":{"line":43,"column":1}},"line":20}},"branchMap":{"0":{"loc":{"start":{"line":26,"column":2},"end":{"line":26,"column":61}},"type":"if","locations":[{"start":{"line":26,"column":2},"end":{"line":26,"column":61}},{"start":{"line":26,"column":2},"end":{"line":26,"column":61}}],"line":26},"1":{"loc":{"start":{"line":31,"column":4},"end":{"line":31,"column":51}},"type":"if","locations":[{"start":{"line":31,"column":4},"end":{"line":31,"column":51}},{"start":{"line":31,"column":4},"end":{"line":31,"column":51}}],"line":31},"2":{"loc":{"start":{"line":31,"column":8},"end":{"line":31,"column":38}},"type":"binary-expr","locations":[{"start":{"line":31,"column":9},"end":{"line":31,"column":20}},{"start":{"line":31,"column":26},"end":{"line":31,"column":37}}],"line":31},"3":{"loc":{"start":{"line":32,"column":4},"end":{"line":32,"column":83}},"type":"if","locations":[{"start":{"line":32,"column":4},"end":{"line":32,"column":83}},{"start":{"line":32,"column":4},"end":{"line":32,"column":83}}],"line":32},"4":{"loc":{"start":{"line":38,"column":4},"end":{"line":38,"column":51}},"type":"if","locations":[{"start":{"line":38,"column":4},"end":{"line":38,"column":51}},{"start":{"line":38,"column":4},"end":{"line":38,"column":51}}],"line":38},"5":{"loc":{"start":{"line":38,"column":8},"end":{"line":38,"column":38}},"type":"binary-expr","locations":[{"start":{"line":38,"column":9},"end":{"line":38,"column":20}},{"start":{"line":38,"column":26},"end":{"line":38,"column":37}}],"line":38},"6":{"loc":{"start":{"line":39,"column":4},"end":{"line":39,"column":85}},"type":"if","locations":[{"start":{"line":39,"column":4},"end":{"line":39,"column":85}},{"start":{"line":39,"column":4},"end":{"line":39,"column":85}}],"line":39}},"s":{"0":1,"1":1,"2":1,"3":0,"4":0,"5":0,"6":1,"7":3,"8":3,"9":3,"10":1,"11":13,"12":13,"13":13,"14":1,"15":12,"16":108,"17":12,"18":12,"19":0,"20":12,"21":2,"22":10,"23":10,"24":100,"25":10,"26":10,"27":0,"28":10,"29":4,"30":6,"31":1},"f":{"0":0,"1":3,"2":13},"b":{"0":[1,12],"1":[0,12],"2":[12,12],"3":[2,10],"4":[0,10],"5":[10,10],"6":[4,6]},"_coverageSchema":"43e27e138ebf9cfc5966b082cf9a028302ed4184","hash":"5cdf4ece91372a9d9181406836e6bd4f96168030"}
}
