TN:
SF:C:\Users\Usuário\Documents\lp3_2019_2\Aula01\lp3_2019_2\Aula01\app.js
FN:6,(anonymous_0)
FN:12,(anonymous_1)
FN:20,(anonymous_2)
FNF:3
FNH:2
FNDA:0,(anonymous_0)
FNDA:3,(anonymous_1)
FNDA:13,(anonymous_2)
DA:1,1
DA:3,1
DA:6,1
DA:7,0
DA:8,0
DA:9,0
DA:12,1
DA:14,3
DA:16,3
DA:17,3
DA:20,1
DA:21,13
DA:25,13
DA:26,13
DA:28,108
DA:29,12
DA:31,12
DA:32,12
DA:34,10
DA:35,100
DA:36,10
DA:38,10
DA:39,10
DA:40,6
DA:45,1
LF:25
LH:22
BRDA:26,0,0,1
BRDA:26,0,1,12
BRDA:31,1,0,0
BRDA:31,1,1,12
BRDA:31,2,0,12
BRDA:31,2,1,12
BRDA:32,3,0,2
BRDA:32,3,1,10
BRDA:38,4,0,0
BRDA:38,4,1,10
BRDA:38,5,0,10
BRDA:38,5,1,10
BRDA:39,6,0,4
BRDA:39,6,1,6
BRF:14
BRH:12
end_of_record
